This is pdfTeX, Version 3.1415926-1.40.10 (TeX Live 2009/Debian) (format=latex 2010.9.2)  4 JAN 2011 10:42
entering extended mode
 restricted \write18 enabled.
 %&-line parsing enabled.
**PhysicalScience_Gr10.tex
(./PhysicalScience_Gr10.tex
LaTeX2e <2009/09/24>
Babel <v3.8l> and hyphenation patterns for english, usenglishmax, dumylang, noh
yphenation, loaded.
(/usr/share/texmf-texlive/tex/latex/base/report.cls
Document Class: report 2007/10/19 v1.4h Standard LaTeX document class
(/usr/share/texmf-texlive/tex/latex/base/size10.clo
File: size10.clo 2007/10/19 v1.4h Standard LaTeX file (size option)
)
\c@part=\count79
\c@chapter=\count80
\c@section=\count81
\c@subsection=\count82
\c@subsubsection=\count83
\c@paragraph=\count84
\c@subparagraph=\count85
\c@figure=\count86
\c@table=\count87
\abovecaptionskip=\skip41
\belowcaptionskip=\skip42
\bibindent=\dimen102
)
(/usr/share/texmf-texlive/tex/latex/float/float.sty
Package: float 2001/11/08 v1.3d Float enhancements (AL)
\c@float@type=\count88
\float@exts=\toks14
\float@box=\box26
\@float@everytoks=\toks15
\@floatcapt=\box27
)
(/usr/share/texmf-texlive/tex/latex/setspace/setspace.sty
Package: setspace 2000/12/01 6.7 Contributed and Supported LaTeX2e package

Package: `setspace' 6.7 <2000/12/01>
) (/usr/share/texmf-texlive/tex/latex/graphics/graphicx.sty
Package: graphicx 1999/02/16 v1.0f Enhanced LaTeX Graphics (DPC,SPQR)

(/usr/share/texmf-texlive/tex/latex/graphics/keyval.sty
Package: keyval 1999/03/16 v1.13 key=value parser (DPC)
\KV@toks@=\toks16
)
(/usr/share/texmf-texlive/tex/latex/graphics/graphics.sty
Package: graphics 2009/02/05 v1.0o Standard LaTeX Graphics (DPC,SPQR)

(/usr/share/texmf-texlive/tex/latex/graphics/trig.sty
Package: trig 1999/03/16 v1.09 sin cos tan (DPC)
)
(/etc/texmf/tex/latex/config/graphics.cfg
File: graphics.cfg 2009/08/28 v1.8 graphics configuration of TeX Live
)
Package graphics Info: Driver file: dvips.def on input line 91.

(/usr/share/texmf-texlive/tex/latex/graphics/dvips.def
File: dvips.def 1999/02/16 v3.0i Driver-dependant file (DPC,SPQR)
))
\Gin@req@height=\dimen103
\Gin@req@width=\dimen104
)
(/usr/share/texmf-texlive/tex/latex/changebar/changebar.sty
Package: changebar 2005/09/18 v3.5c Indicate changes with marginal bars
\cb@nextpoint=\count89
\cb@topleft=\count90
\cb@topright=\count91
\cb@botleft=\count92
\cb@botright=\count93
\cb@cnta=\count94
\cb@cntb=\count95
\cb@dima=\dimen105
\cb@curbarwd=\dimen106
\cb@page=\count96
\cb@pagecount=\count97
\cb@odd@left=\dimen107
\cb@odd@right=\dimen108
\cb@even@left=\dimen109
\cb@even@right=\dimen110
\changebarwidth=\skip43
\deletebarwidth=\skip44
\changebarsep=\skip45
\c@changebargrey=\count98
\cb@write=\write3
\cb@read=\read1
\openout3 = `PhysicalScience_Gr10.cb'.

)
(/usr/share/texmf-texlive/tex/latex/pstricks/pst-all.sty
Package: pst-all 2008/01/01 the main pstricks tools

(/usr/share/texmf-texlive/tex/latex/pstricks/pstricks.sty
Package: pstricks 2010/06/16 v0.45 LaTeX wrapper for `PSTricks' (RN,HV)

(/usr/share/texmf-texlive/tex/generic/pstricks/pstricks.tex
(/usr/share/texmf-texlive/tex/generic/xkeyval/pst-xkey.tex
File: pst-xkey.tex 2005/11/25 v1.6 PSTricks specialization of xkeyval (HA)

(/usr/share/texmf-texlive/tex/latex/xkeyval/xkeyval.sty
Package: xkeyval 2008/08/13 v2.6a package option processing (HA)

(/usr/share/texmf-texlive/tex/generic/xkeyval/xkeyval.tex
\XKV@toks=\toks17
\XKV@tempa@toks=\toks18
\XKV@depth=\count99
File: xkeyval.tex 2008/08/13 v2.6a key=value parser (HA)
)))
(/usr/share/texmf-texlive/tex/generic/pstricks/pst-fp.tex
`pst-fp' v0.05, 2010/01/17 (hv)
\pstFP@xs=\count100
\pstFP@xia=\count101
\pstFP@xib=\count102
\pstFP@xfa=\count103
\pstFP@xfb=\count104
\pstFP@rega=\count105
\pstFP@regb=\count106
\pstFP@regs=\count107
\pstFP@times=\count108
)
\psLoopIndex=\count109

`PSTricks' v2.08  <2010/06/06> (tvz)
\pst@dima=\dimen111
\pst@dimb=\dimen112
\pst@dimc=\dimen113
\pst@dimd=\dimen114
\pst@dimg=\dimen115
\pst@dimh=\dimen116
\pst@dimm=\dimen117
\pst@dimn=\dimen118
\pst@dimo=\dimen119
\pst@dimp=\dimen120
\pst@hbox=\box28
\pst@boxg=\box29
\pst@cnta=\count110
\pst@cntb=\count111
\pst@cntc=\count112
\pst@cntd=\count113
\pst@cntg=\count114
\pst@cnth=\count115
\pst@cntm=\count116
\pst@cntn=\count117
\pst@cnto=\count118
\pst@cntp=\count119
\@zero=\count120
\pst@toks=\toks19
(/usr/share/texmf-texlive/tex/generic/pstricks/pstricks.con)
\psunit=\dimen121
\psxunit=\dimen122
\psyunit=\dimen123
\pslinewidth=\dimen124
\pst@customdefs=\toks20
\pslinearc=\dimen125
\pst@symbolStep=\dimen126
\pst@symbolWidth=\dimen127
\everypsbox=\toks21
\psframesep=\dimen128
\pslabelsep=\dimen129
\pst@shift=\dimen130
\theoverlaybox=\box30
)
File: pstricks.tex 2010/06/06 v2.08 `PSTricks' (tvz,hv)

(/usr/share/texmf-texlive/tex/generic/pstricks/pst-fp.tex)
File: pst-fp.tex 2010/06/06 v2.08 `PST-fp' (hv)

(/usr/share/texmf/tex/latex/xcolor/xcolor.sty
Package: xcolor 2007/01/21 v2.11 LaTeX color extensions (UK)

(/etc/texmf/tex/latex/config/color.cfg
File: color.cfg 2007/01/18 v1.5 color configuration of teTeX/TeXLive
)
Package xcolor Info: Driver file: dvips.def on input line 225.
Package xcolor Info: Model `cmy' substituted by `cmy0' on input line 1337.
Package xcolor Info: Model `RGB' extended on input line 1353.
Package xcolor Info: Model `HTML' substituted by `rgb' on input line 1355.
Package xcolor Info: Model `Hsb' substituted by `hsb' on input line 1356.
Package xcolor Info: Model `tHsb' substituted by `hsb' on input line 1357.
Package xcolor Info: Model `HSB' substituted by `hsb' on input line 1358.
Package xcolor Info: Model `Gray' substituted by `gray' on input line 1359.
Package xcolor Info: Model `wave' substituted by `hsb' on input line 1360.
))
(/usr/share/texmf-texlive/tex/latex/pst-plot/pst-plot.sty
Package: pst-plot 2010/01/22 package wrapper for pst-plot.tex

(/usr/share/texmf-texlive/tex/generic/pst-plot/pst-plot.tex
(/usr/share/texmf-texlive/tex/generic/multido/multido.tex
 v1.41, 2004/05/18 <tvz>
\multido@count=\count121
\multidocount=\count122
\multido@stuff=\toks22
)  v1.17, 2010/06/22
\pstRadUnit=\dimen131
\pstRadUnitInv=\dimen132
\pst@linecnt=\count123
\psk@subticksize=\dimen133
\pst@xticksizeA=\dimen134
\pst@xticksizeB=\dimen135
\pst@xticksizeC=\dimen136
\pst@yticksizeA=\dimen137
\pst@yticksizeB=\dimen138
\pst@yticksizeC=\dimen139
\@digitcounter=\count124
\psk@llx=\dimen140
\psk@lly=\dimen141
\psk@urx=\dimen142
\psk@ury=\dimen143
\pst@xunit=\dimen144
\pst@yunit=\dimen145
)
File: pst-plot.tex 2010/06/22 1.17 `pst-plot' (tvz,hv)
)
(/usr/share/texmf-texlive/tex/latex/pst-node/pst-node.sty
Package: pst-node 2010/04/22 package wrapper for pst-node.tex

(/usr/share/texmf-texlive/tex/generic/pst-node/pst-node.tex  v1.13, 2010/06/06
\psrow=\count125
\pscol=\count126
\psmatrixcnt=\count127
\psrowsep=\skip46
\pscolsep=\skip47
\pst@args=\count128
\num@pts=\count129
\pst@argcnt=\count130
)
File: pst-node.tex 2010/06/06 1.13 `pst-node' (tvz)
) (/usr/share/texmf-texlive/tex/latex/pst-tree/pst-tree.sty
Package: pst-tree 2009/01/25 package wrapper for pst-tree.tex

(/usr/share/texmf-texlive/tex/generic/pst-tree/pst-tree.tex
 v1.11, 2009/02/25(tvz,dg,hv)
\pstree@rootbox=\box31
\pstree@box=\box32
\psnodecnt=\count131
\pstreelevel=\count132
\pstreecnt=\count133
\pstree@cnt=\count134
\pstree@stop=\count135
)
File: pst-tree.tex 2009/02/25 1.11 `pst-tree' (tvz,hv)
)
(/usr/share/texmf-texlive/tex/latex/pst-grad/pst-grad.sty
Package: pst-grad 2004/07/15 package wrapper for pst-grad.tex (hv)

(/usr/share/texmf-texlive/tex/generic/pst-grad/pst-grad.tex
`pst-grad' v1.06, 2006/11/27 (tvz,dg,hv))
File: pst-grad.tex 2006/11/27 1.06 `pst-grad' (tvz)
)
(/usr/share/texmf-texlive/tex/latex/pst-coil/pst-coil.sty
Package: pst-coil 2010/02/01 package wrapper for pst-coil.tex (hv)

(/usr/share/texmf-texlive/tex/generic/pst-coil/pst-coil.tex  v1.06, 2006/11/27)
File: pst-coil.tex 2010/02/02 v1.04 `PST-coil' (tvz,hv)
) (/usr/share/texmf-texlive/tex/latex/pst-text/pst-text.sty
Package: pst-text 2006/01/01 package wrapper for pst-text.tex (hv)

(/usr/share/texmf-texlive/tex/generic/pst-text/pst-text.tex
 v1.00, 2006/11/05(tvz,hv))
File: pst-text.tex 2006/11/05 1.00 `pst-text' (tvz)
)
(/usr/share/texmf-texlive/tex/latex/pst-3d/pst-3d.sty
Package: pst-3d 2009/07/28 package wrapper for pst-3d.tex (hv)

(/usr/share/texmf-texlive/tex/generic/pst-3d/pst-3d.tex
`PST-3d' v1.11, 2010/02/14 (tvz))
File: pst-3d.tex 2010/02/14 v1.11 `PST-3d' (hv)
)
(/usr/share/texmf-texlive/tex/latex/pst-eps/pst-eps.sty
Package: pst-eps 2005/05/20 package wrapper for pst-eps.tex (hv)

(/usr/share/texmf-texlive/tex/generic/pst-eps/pst-eps.tex  v1.00, 2006/11/04
\pst@epsout=\write4
\pst@tempout=\write5
)
File: pst-eps.tex 2006/11/04 1.00 `pst-eps' (tvz)
)
(/usr/share/texmf-texlive/tex/latex/pst-fill/pst-fill.sty
Package: pst-fill 2005/09/13 package wrapper for pst-fill.tex (hv)

(/usr/share/texmf-texlive/tex/generic/pst-fill/pst-fill.tex
`PST-Fill' v1.01, 2007/03/10 (tvz,dg,hv)
\pst@fillbox=\box33
)
File: pst-fill.tex 2007/03/10 v1.01 `PST-fill' (tvz,dg)
)
(/usr/share/texmf-texlive/tex/latex/pstricks-add/pstricks-add.sty
Package: pstricks-add 2010/02/11 v. 0.14 package wrapper for pstricks-add.tex (
hv)

(/usr/share/texmf-texlive/tex/generic/pstricks-add/pstricks-add.tex
(/usr/share/texmf-texlive/tex/generic/pst-math/pst-math.tex
`pst-math' v0.23 , (CJ,hv)) `pstricks-add' v3.41, 2010/06/16 (dr,hv)
\pshooklength=\dimen146
\pshookwidth=\dimen147
\chart@ColorIndex=\dimen148
\chart@ColorStep=\dimen149
\pst@chartHeight=\dimen150
\pst@chartStackDepth=\dimen151
\pst@chartStackWidth=\dimen152
\chart@Toggle=\count136
)
File: pstricks-add.tex 2010/06/16 v3.41 `PSTricks-add' (hv)
)
(/usr/share/texmf-texlive/tex/latex/multido/multido.sty
Package: multido 2004/05/17 package wrapper for PSTricks `multido.tex', (HV/RN)

))
(/usr/share/texmf-texlive/tex/latex/pst-eucl/pst-eucl.sty
Package: pst-eucl 2005/05/14 package wrapper for PSTricks pst-eucl.tex

(/usr/share/texmf-texlive/tex/generic/pst-eucl/pst-eucl.tex
`PST-Euclide v1.3.4, 2005/10/09 (Dominique RODRIGUEZ)
 This version uses the pst-xkey package for managing parameters
 Please read the doc, some macros have a new syntax
 use option old for upward compatibility
(/usr/share/texmf-texlive/tex/generic/xkeyval/pst-xkey.tex))
File: pst-eucl.tex 2005/10/09 v1.3.4 `PST-eucl' (dr)
)
(/usr/share/texmf-texlive/tex/latex/pst-poly/pst-poly.sty
Package: pst-poly 2009/12/20 package wrapper for pst-poly.tex (dg,hv)

(/usr/share/texmf-texlive/tex/generic/pst-poly/pst-poly.tex
`PST-Polygon' v1.62, 2010/05/28 (DG/hv)
\PstPoly@IntermediatePointDim=\dimen153
)
File: pst-poly.tex 2010/05/28 v1.62 `PST-poly' (dg,hv)
)
(/usr/share/texmf-texlive/tex/latex/tools/multicol.sty
Package: multicol 2008/12/05 v1.6h multicolumn formatting (FMi)
\c@tracingmulticols=\count137
\mult@box=\box34
\multicol@leftmargin=\dimen154
\c@unbalance=\count138
\c@collectmore=\count139
\doublecol@number=\count140
\multicoltolerance=\count141
\multicolpretolerance=\count142
\full@width=\dimen155
\page@free=\dimen156
\premulticols=\dimen157
\postmulticols=\dimen158
\multicolsep=\skip48
\multicolbaselineskip=\skip49
\partial@page=\box35
\last@line=\box36
\mult@rightbox=\box37
\mult@grightbox=\box38
\mult@gfirstbox=\box39
\mult@firstbox=\box40
\@tempa=\box41
\@tempa=\box42
\@tempa=\box43
\@tempa=\box44
\@tempa=\box45
\@tempa=\box46
\@tempa=\box47
\@tempa=\box48
\@tempa=\box49
\@tempa=\box50
\@tempa=\box51
\@tempa=\box52
\@tempa=\box53
\@tempa=\box54
\@tempa=\box55
\@tempa=\box56
\@tempa=\box57
\c@columnbadness=\count143
\c@finalcolumnbadness=\count144
\last@try=\dimen159
\multicolovershoot=\dimen160
\multicolundershoot=\dimen161
\mult@nat@firstbox=\box58
\colbreak@box=\box59
)
(/usr/share/texmf-texlive/tex/latex/pst-spectra/pst-spectra.sty
Package: pst-spectra 2005/12/17 package wrapper for pst-spectra.tex (AS)

(/usr/share/texmf-texlive/tex/generic/pst-spectra/pst-spectra.tex
`pst-spectra' v0.91, 2006/01/01 (AS)
\pstwl@DeltaX=\dimen162
\pstwl@DeltaL=\dimen163
)
File: pst-spectra.tex 2006/01/01 v0.91 `pst-spectra' (AS)
)
(/usr/share/texmf-texlive/tex/latex/pst-slpe/pst-slpe.sty
Package: pst-slpe 2005/03/05 package wrapper for `pst-slpe.tex'

(/usr/share/texmf-texlive/tex/generic/pst-slpe/pst-slpe.tex  v1.3, 2008/09/20)
File: pst-slpe.tex 2008/09/20 v1.3 `pst-slpe' (mg,hv)
) (/usr/share/texmf-texlive/tex/latex/pst-math/pst-math.sty
Package: pst-math 2009/01/20 package wrapper for PSTricks pst-math.tex

(/usr/share/texmf-texlive/tex/generic/pst-math/pst-math.tex
`pst-math' v0.23 , (CJ,hv))
File: pst-math.tex 2010/05/28 v0.23 `PST-math' (hv)
)
(/usr/share/texmf-texlive/tex/latex/pst-circ/pst-circ.sty
Package: pst-circ 2007/12/23 package wrapper for pst-circ.tex (hv)

(/usr/share/texmf-texlive/tex/generic/pst-circ/pst-circ.tex
(/usr/share/texmf-texlive/tex/generic/pst-node/pst-node.tex)
(/usr/share/texmf-texlive/tex/generic/multido/multido.tex
 v1.41, 2004/05/18 <tvz>) `pst-circ' v1.55(CJ,hv,pd)
\Pst@position=\dimen164
\pst@count@i=\count145
\pst@count@ii=\count146
\pst@count@iii=\count147
\Pst@basesep=\dimen165
)
File: pst-circ.tex 2010/05/03 v1.55 `PST-circ' (CJ,hv)
)
(/usr/share/texmf-texlive/tex/latex/pst-lens/pst-lens.sty
Package: pst-lens 2005/09/02 package wrapper for pst-lens.tex (hv)

(/usr/share/texmf-texlive/tex/generic/pst-lens/pst-lens.tex
`PST-Lens' v1.02, 2006/06/06 (Denis Girou and Manuel Luque)
\PstLens@HandleWidth=\dimen166
)
File: pst-lens.tex 2006/06/06 v1.02 `PST-lens' (hv)
)
(/usr/share/texmf-texlive/tex/latex/pst-optic/pst-optic.sty
Package: pst-optic 2004/10/18 package wrapper for pst-optic.tex (hv)

(/usr/share/texmf-texlive/tex/generic/pst-optic/pst-optic.tex
(/usr/share/texmf-texlive/tex/generic/pst-grad/pst-grad.tex)
(/usr/share/texmf-texlive/tex/generic/multido/multido.tex
 v1.41, 2004/05/18 <tvz>)
`PST-Optic' v1.01, 2010/07/23 (Manuel Luque and Herbert Voss))
File: pst-optic.tex 2010/07/23 v1.01 `PST-optic' (ML,hv)
)
(/usr/share/texmf-texlive/tex/latex/pst-labo/pst-labo.sty
Package: pst-labo 2005/03/13 package wrapper for pst-labo.tex (hv)

(/usr/share/texmf-texlive/tex/generic/pst-labo/pst-labo.tex
(/usr/share/texmf-texlive/tex/generic/pst-grad/pst-grad.tex)
`PST-labo8' v2.03, 2006/08/16 (ML/CJ/DG/HV)
(/usr/share/texmf-texlive/tex/generic/genmisc/random.tex
\randomi=\count148
\ranval=\count149
)
(/usr/share/texmf-texlive/tex/generic/pst-labo/pst-laboObj.tex)
\BulleX=\dimen167
\BulleY=\dimen168
\GrenailleX=\dimen169
\GrenailleY=\dimen170
\TournureX=\dimen171
\TournureY=\dimen172
\RAYONBULLE=\dimen173
\ClouX=\dimen174
\ClouY=\dimen175
\pst@FilamentWidth=\dimen176
\pst@dimA=\dimen177
\lab@AngleRotation=\count150
)
File: pst-labo.tex 2006/08/16 v2.03 `PST-labo' (ML,DG,CJ,hv)
)
(/usr/share/texmf-texlive/tex/latex/subfigure/subfigure.sty
Package: subfigure 2002/03/15 v2.1.5 subfigure package
\subfigtopskip=\skip50
\subfigcapskip=\skip51
\subfigcaptopadj=\dimen178
\subfigbottomskip=\skip52
\subfigcapmargin=\dimen179
\subfiglabelskip=\skip53
\c@subfigure=\count151
\c@lofdepth=\count152
\c@subtable=\count153
\c@lotdepth=\count154

****************************************
* Local config file subfigure.cfg used *
****************************************
(/usr/share/texmf-texlive/tex/latex/subfigure/subfigure.cfg)
\subfig@top=\skip54
\subfig@bottom=\skip55
)
(/usr/share/texmf-texlive/tex/latex/multirow/multirow.sty
\bigstrutjot=\dimen180
)
(/usr/share/texmf-texlive/tex/latex/amsmath/amsmath.sty
Package: amsmath 2000/07/18 v2.13 AMS math features
\@mathmargin=\skip56

For additional information on amsmath, use the `?' option.
(/usr/share/texmf-texlive/tex/latex/amsmath/amstext.sty
Package: amstext 2000/06/29 v2.01

(/usr/share/texmf-texlive/tex/latex/amsmath/amsgen.sty
File: amsgen.sty 1999/11/30 v2.0
\@emptytoks=\toks23
\ex@=\dimen181
))
(/usr/share/texmf-texlive/tex/latex/amsmath/amsbsy.sty
Package: amsbsy 1999/11/29 v1.2d
\pmbraise@=\dimen182
)
(/usr/share/texmf-texlive/tex/latex/amsmath/amsopn.sty
Package: amsopn 1999/12/14 v2.01 operator names
)
\inf@bad=\count155
LaTeX Info: Redefining \frac on input line 211.
\uproot@=\count156
\leftroot@=\count157
LaTeX Info: Redefining \overline on input line 307.
\classnum@=\count158
\DOTSCASE@=\count159
LaTeX Info: Redefining \ldots on input line 379.
LaTeX Info: Redefining \dots on input line 382.
LaTeX Info: Redefining \cdots on input line 467.
\Mathstrutbox@=\box60
\strutbox@=\box61
\big@size=\dimen183
LaTeX Font Info:    Redeclaring font encoding OML on input line 567.
LaTeX Font Info:    Redeclaring font encoding OMS on input line 568.
\macc@depth=\count160
\c@MaxMatrixCols=\count161
\dotsspace@=\muskip10
\c@parentequation=\count162
\dspbrk@lvl=\count163
\tag@help=\toks24
\row@=\count164
\column@=\count165
\maxfields@=\count166
\andhelp@=\toks25
\eqnshift@=\dimen184
\alignsep@=\dimen185
\tagshift@=\dimen186
\tagwidth@=\dimen187
\totwidth@=\dimen188
\lineht@=\dimen189
\@envbody=\toks26
\multlinegap=\skip57
\multlinetaggap=\skip58
\mathdisplay@stack=\toks27
LaTeX Info: Redefining \[ on input line 2666.
LaTeX Info: Redefining \] on input line 2667.
)
(/usr/share/texmf-texlive/tex/latex/tools/tabularx.sty
Package: tabularx 1999/01/07 v2.07 `tabularx' package (DPC)

(/usr/share/texmf-texlive/tex/latex/tools/array.sty
Package: array 2008/09/09 v2.4c Tabular extension package (FMi)
\col@sep=\dimen190
\extrarowheight=\dimen191
\NC@list=\toks28
\extratabsurround=\skip59
\backup@length=\skip60
)
\TX@col@width=\dimen192
\TX@old@table=\dimen193
\TX@old@col=\dimen194
\TX@target=\dimen195
\TX@delta=\dimen196
\TX@cols=\count167
\TX@ftn=\toks29
)
(/usr/share/texmf-texlive/tex/latex/graphics/lscape.sty
Package: lscape 2000/10/22 v3.01 Landscape Pages (DPC)
)
(/usr/share/texmf-texlive/tex/latex/fancyhdr/fancyhdr.sty
\fancy@headwidth=\skip61
\f@ncyO@elh=\skip62
\f@ncyO@erh=\skip63
\f@ncyO@olh=\skip64
\f@ncyO@orh=\skip65
\f@ncyO@elf=\skip66
\f@ncyO@erf=\skip67
\f@ncyO@olf=\skip68
\f@ncyO@orf=\skip69
)
(/usr/share/texmf-texlive/tex/latex/wasysym/wasysym.sty
Package: wasysym 2003/10/30 v2.0 Wasy-2 symbol support package
\symwasy=\mathgroup4
LaTeX Font Info:    Overwriting symbol font `wasy' in version `bold'
(Font)                  U/wasy/m/n --> U/wasy/b/n on input line 90.
)
(/usr/share/texmf-texlive/tex/latex/ltxmisc/url.sty
\Urlmuskip=\muskip11
Package: url 2006/04/12  ver 3.3  Verb mode for urls, etc.
)
(/usr/share/texmf-texlive/tex/latex/amscls/amsthm.sty
Package: amsthm 2004/08/06 v2.20
\thm@style=\toks30
\thm@bodyfont=\toks31
\thm@headfont=\toks32
\thm@notefont=\toks33
\thm@headpunct=\toks34
\thm@preskip=\skip70
\thm@postskip=\skip71
\thm@headsep=\skip72
\dth@everypar=\toks35
)
(/usr/share/texmf-texlive/tex/latex/amsfonts/amsfonts.sty
Package: amsfonts 2009/06/22 v3.00 Basic AMSFonts support
\symAMSa=\mathgroup5
\symAMSb=\mathgroup6
LaTeX Font Info:    Overwriting math alphabet `\mathfrak' in version `bold'
(Font)                  U/euf/m/n --> U/euf/b/n on input line 96.
)
(/usr/share/texmf-texlive/tex/latex/amsfonts/amssymb.sty
Package: amssymb 2009/06/22 v3.00
)
(/usr/share/texmf-texlive/tex/latex/eurosym/eurosym.sty
Package: eurosym 1998/08/06 v1.1 European currency symbol ``Euro''
\@eurobox=\box62
)
(/usr/share/texmf-texlive/tex/latex/enumitem/enumitem.sty
Package: enumitem 2009/05/18 v2.2 Customized lists
\enit@toks=\toks36
\labelindent=\skip73
\enit@outerparindent=\dimen197
\enitdp@desc=\count168
)
(/usr/share/texmf-texlive/tex/latex/mdframed/mdframed.sty
Package: mdframed 2010/05/14 v4a: mdframed

(/usr/share/texmf-texlive/tex/latex/oberdiek/kvoptions.sty
Package: kvoptions 2009/08/13 v3.4 Keyval support for LaTeX options (HO)

(/usr/share/texmf-texlive/tex/generic/oberdiek/kvsetkeys.sty
Package: kvsetkeys 2009/07/30 v1.5 Key value parser with default handler suppor
t (HO)

(/usr/share/texmf-texlive/tex/generic/oberdiek/infwarerr.sty
Package: infwarerr 2007/09/09 v1.2 Providing info/warning/message (HO)
)
(/usr/share/texmf-texlive/tex/generic/oberdiek/etexcmds.sty
Package: etexcmds 2007/12/12 v1.2 Prefix for e-TeX command names (HO)
Package etexcmds Info: Could not find \expanded.
(etexcmds)             That can mean that you are not using pdfTeX 1.50 or
(etexcmds)             that some package has redefined \expanded.
(etexcmds)             In the latter case, load this package earlier.
)))
(/usr/share/texmf-texlive/tex/latex/etex-pkg/etex.sty
Package: etex 1998/03/26 v2.0 eTeX basic definition package (PEB)
\et@xins=\count169
)
(/usr/share/texmf-texlive/tex/latex/tools/calc.sty
Package: calc 2007/08/22 v4.3 Infix arithmetic (KKT,FJ)
\calc@Acount=\count170
\calc@Bcount=\count171
\calc@Adimen=\dimen198
\calc@Bdimen=\dimen199
\calc@Askip=\skip74
\calc@Bskip=\skip75
LaTeX Info: Redefining \setlength on input line 76.
LaTeX Info: Redefining \addtolength on input line 77.
\calc@Ccount=\count172
\calc@Cskip=\skip76
)
(/usr/share/texmf/tex/latex/pgf/frontendlayer/tikz.sty
(/usr/share/texmf/tex/latex/pgf/basiclayer/pgf.sty
(/usr/share/texmf/tex/latex/pgf/utilities/pgfrcs.sty
(/usr/share/texmf/tex/generic/pgf/utilities/pgfutil-common.tex
\pgfutil@everybye=\toks37
)
(/usr/share/texmf/tex/generic/pgf/utilities/pgfutil-latex.def)
(/usr/share/texmf/tex/generic/pgf/utilities/pgfrcs.code.tex
Package: pgfrcs 2008/02/20 v2.00 (rcs-revision 1.21)
))
Package: pgf 2008/01/15 v2.00 (rcs-revision 1.12)

(/usr/share/texmf/tex/latex/pgf/basiclayer/pgfcore.sty
(/usr/share/texmf/tex/latex/pgf/systemlayer/pgfsys.sty
(/usr/share/texmf/tex/generic/pgf/systemlayer/pgfsys.code.tex
Package: pgfsys 2008/02/07 v2.00 (rcs-revision 1.31)

(/usr/share/texmf/tex/generic/pgf/utilities/pgfkeys.code.tex
\pgfkeys@pathtoks=\toks38
\pgfkeys@temptoks=\toks39
)
\pgf@x=\dimen200
\pgf@y=\dimen201
\pgf@xa=\dimen202
\pgf@ya=\dimen203
\pgf@xb=\dimen204
\pgf@yb=\dimen205
\pgf@xc=\dimen206
\pgf@yc=\dimen207
\c@pgf@counta=\count173
\c@pgf@countb=\count174
\c@pgf@countc=\count175
\c@pgf@countd=\count176

(/usr/share/texmf/tex/generic/pgf/systemlayer/pgf.cfg
File: pgf.cfg 2008/01/13  (rcs-revision 1.6)
)
Package pgfsys Info: Driver file for pgf: pgfsys-dvips.def on input line 885.

(/usr/share/texmf/tex/generic/pgf/systemlayer/pgfsys-dvips.def
File: pgfsys-dvips.def 2007/12/12  (rcs-revision 1.19)

(/usr/share/texmf/tex/generic/pgf/systemlayer/pgfsys-common-postscript.def
File: pgfsys-common-postscript.def 2008/02/07  (rcs-revision 1.18)
\pgf@objectcount=\count177
)))
(/usr/share/texmf/tex/generic/pgf/systemlayer/pgfsyssoftpath.code.tex
File: pgfsyssoftpath.code.tex 2008/01/23  (rcs-revision 1.6)
\pgfsyssoftpath@smallbuffer@items=\count178
\pgfsyssoftpath@bigbuffer@items=\count179
)
(/usr/share/texmf/tex/generic/pgf/systemlayer/pgfsysprotocol.code.tex
File: pgfsysprotocol.code.tex 2006/10/16  (rcs-revision 1.4)
))
(/usr/share/texmf/tex/generic/pgf/basiclayer/pgfcore.code.tex
Package: pgfcore 2008/01/15 v2.00 (rcs-revision 1.6)

(/usr/share/texmf/tex/generic/pgf/math/pgfmath.code.tex
(/usr/share/texmf/tex/generic/pgf/math/pgfmathcalc.code.tex
(/usr/share/texmf/tex/generic/pgf/math/pgfmathutil.code.tex
\pgfmath@box=\box63
)
(/usr/share/texmf/tex/generic/pgf/math/pgfmathparser.code.tex
\pgfmath@stack=\toks40
\c@pgfmath@parsecounta=\count180
\c@pgfmath@parsecountb=\count181
\c@pgfmath@parsecountc=\count182
\pgfmath@parsex=\dimen208
)
(/usr/share/texmf/tex/generic/pgf/math/pgfmathoperations.code.tex
(/usr/share/texmf/tex/generic/pgf/math/pgfmathtrig.code.tex)
(/usr/share/texmf/tex/generic/pgf/math/pgfmathrnd.code.tex))
(/usr/share/texmf/tex/generic/pgf/math/pgfmathbase.code.tex)))
(/usr/share/texmf/tex/generic/pgf/basiclayer/pgfcorepoints.code.tex
File: pgfcorepoints.code.tex 2008/02/03  (rcs-revision 1.13)
\pgf@picminx=\dimen209
\pgf@picmaxx=\dimen210
\pgf@picminy=\dimen211
\pgf@picmaxy=\dimen212
\pgf@pathminx=\dimen213
\pgf@pathmaxx=\dimen214
\pgf@pathminy=\dimen215
\pgf@pathmaxy=\dimen216
\pgf@xx=\dimen217
\pgf@xy=\dimen218
\pgf@yx=\dimen219
\pgf@yy=\dimen220
\pgf@zx=\dimen221
\pgf@zy=\dimen222
)
(/usr/share/texmf/tex/generic/pgf/basiclayer/pgfcorepathconstruct.code.tex
File: pgfcorepathconstruct.code.tex 2008/02/13  (rcs-revision 1.14)
\pgf@path@lastx=\dimen223
\pgf@path@lasty=\dimen224
)
(/usr/share/texmf/tex/generic/pgf/basiclayer/pgfcorepathusage.code.tex
File: pgfcorepathusage.code.tex 2008/01/23  (rcs-revision 1.11)
\pgf@shorten@end@additional=\dimen225
\pgf@shorten@start@additional=\dimen226
)
(/usr/share/texmf/tex/generic/pgf/basiclayer/pgfcorescopes.code.tex
File: pgfcorescopes.code.tex 2008/01/15  (rcs-revision 1.26)
\pgfpic=\box64
\pgf@hbox=\box65
\pgf@layerbox@main=\box66
\pgf@picture@serial@count=\count183
)
(/usr/share/texmf/tex/generic/pgf/basiclayer/pgfcoregraphicstate.code.tex
File: pgfcoregraphicstate.code.tex 2007/12/12  (rcs-revision 1.8)
\pgflinewidth=\dimen227
)
(/usr/share/texmf/tex/generic/pgf/basiclayer/pgfcoretransformations.code.tex
File: pgfcoretransformations.code.tex 2008/02/04  (rcs-revision 1.10)
\pgf@pt@x=\dimen228
\pgf@pt@y=\dimen229
\pgf@pt@temp=\dimen230
)
(/usr/share/texmf/tex/generic/pgf/basiclayer/pgfcorequick.code.tex
File: pgfcorequick.code.tex 2006/10/11  (rcs-revision 1.2)
)
(/usr/share/texmf/tex/generic/pgf/basiclayer/pgfcoreobjects.code.tex
File: pgfcoreobjects.code.tex 2006/10/11  (rcs-revision 1.2)
)
(/usr/share/texmf/tex/generic/pgf/basiclayer/pgfcorepathprocessing.code.tex
File: pgfcorepathprocessing.code.tex 2008/01/23  (rcs-revision 1.7)
)
(/usr/share/texmf/tex/generic/pgf/basiclayer/pgfcorearrows.code.tex
File: pgfcorearrows.code.tex 2007/06/07  (rcs-revision 1.8)
)
(/usr/share/texmf/tex/generic/pgf/basiclayer/pgfcoreshade.code.tex
File: pgfcoreshade.code.tex 2007/12/10  (rcs-revision 1.9)
\pgf@max=\dimen231
\pgf@sys@shading@range@num=\count184
)
(/usr/share/texmf/tex/generic/pgf/basiclayer/pgfcoreimage.code.tex
File: pgfcoreimage.code.tex 2008/01/15  (rcs-revision 1.1)
\pgfexternal@startupbox=\box67
)
(/usr/share/texmf/tex/generic/pgf/basiclayer/pgfcorelayers.code.tex
File: pgfcorelayers.code.tex 2008/01/15  (rcs-revision 1.1)
)
(/usr/share/texmf/tex/generic/pgf/basiclayer/pgfcoretransparency.code.tex
File: pgfcoretransparency.code.tex 2008/01/17  (rcs-revision 1.2)
)
(/usr/share/texmf/tex/generic/pgf/basiclayer/pgfcorepatterns.code.tex
File: pgfcorepatterns.code.tex 2008/01/15  (rcs-revision 1.1)
)))
(/usr/share/texmf/tex/generic/pgf/modules/pgfmoduleshapes.code.tex
File: pgfmoduleshapes.code.tex 2008/02/13  (rcs-revision 1.4)
\pgfnodeparttextbox=\box68
\toks@savedmacro=\toks41
)
(/usr/share/texmf/tex/generic/pgf/modules/pgfmoduleplot.code.tex
File: pgfmoduleplot.code.tex 2008/01/15  (rcs-revision 1.1)
\pgf@plotwrite=\write6
)
(/usr/share/texmf/tex/latex/pgf/compatibility/pgfcomp-version-0-65.sty
Package: pgfcomp-version-0-65 2007/07/03 v2.00 (rcs-revision 1.7)
\pgf@nodesepstart=\dimen232
\pgf@nodesepend=\dimen233
)
(/usr/share/texmf/tex/latex/pgf/compatibility/pgfcomp-version-1-18.sty
Package: pgfcomp-version-1-18 2007/07/23 v2.00 (rcs-revision 1.1)
))
(/usr/share/texmf/tex/latex/pgf/utilities/pgffor.sty
(/usr/share/texmf/tex/generic/pgf/utilities/pgffor.code.tex
Package: pgffor 2007/11/07 v2.00 (rcs-revision 1.8)
Normal \dimen register pool exhausted, switching to extended pool.
\pgffor@iter=\dimen256
\pgffor@skip=\dimen257
))
(/usr/share/texmf/tex/generic/pgf/frontendlayer/tikz/tikz.code.tex
Package: tikz 2008/02/13 v2.00 (rcs-revision 1.27)

(/usr/share/texmf/tex/generic/pgf/libraries/pgflibraryplothandlers.code.tex
File: pgflibraryplothandlers.code.tex 2007/03/09 v2.00 (rcs-revision 1.9)
\pgf@plot@mark@count=\count185
\pgfplotmarksize=\dimen258
)
\tikz@lastx=\dimen259
\tikz@lasty=\dimen260
\tikz@lastxsaved=\dimen261
\tikz@lastysaved=\dimen262
\tikzleveldistance=\dimen263
\tikzsiblingdistance=\dimen264
\tikz@figbox=\box69
\tikz@tempbox=\box70
\tikztreelevel=\count186
\tikznumberofchildren=\count187
\tikznumberofcurrentchild=\count188
\tikz@fig@count=\count189

(/usr/share/texmf/tex/generic/pgf/modules/pgfmodulematrix.code.tex
File: pgfmodulematrix.code.tex 2008/01/15  (rcs-revision 1.1)
\pgfmatrixcurrentrow=\count190
\pgfmatrixcurrentcolumn=\count191
\pgf@matrix@numberofcolumns=\count192
)
\tikz@expandcount=\count193

(/usr/share/texmf/tex/generic/pgf/frontendlayer/tikz/libraries/tikzlibrarytopat
hs.code.tex
File: tikzlibrarytopaths.code.tex 2008/01/09 v2.00 (rcs-revision 1.1)
))) (/usr/share/texmf-texlive/tex/latex/etoolbox/etoolbox.sty
Package: etoolbox 2009/08/06 v1.8 e-TeX tools for LaTeX
)
\md@templength=\skip77

(/usr/share/texmf-texlive/tex/latex/mdframed/md-tikz-0.mdf)
\md@temp@skip@a=\skip78
\fp@putboxa@length@md=\skip79
\mdf@tikz@linewidth=\skip80
\mdf@xmargin@tikz=\skip81
\mdf@ymargin@tikz=\skip82
\mdfboxheight=\skip83
\mdfboxwidth=\skip84
\mdf@rounded@tikz=\skip85
\mdf@outerlinewidth@tikz=\skip86
\mdf@innerlinewidth@tikz=\skip87
\mdf@middlelinewidth@tikz=\skip88
\md@temp@frame@hsize=\skip89
\md@temp@frame@vsize=\skip90
)
\@input{DefinitionsV0-5-1.aux}
\openout2 = `DefinitionsV0-5-1.aux'.

(./DefinitionsV0-5-1.tex
\c@workedexamplecounter=\count194
\saveparindentlength=\skip91
\c@essaycounter=\count195
\c@stepcounter=\count196
\digitwidth=\dimen265
\c@Theorem=\count197
\c@Lemma=\count198
)
No file PhysicalScience_Gr10.aux.
\openout1 = `PhysicalScience_Gr10.aux'.

LaTeX Font Info:    Checking defaults for OML/cmm/m/it on input line 47.
LaTeX Font Info:    ... okay on input line 47.
LaTeX Font Info:    Checking defaults for T1/cmr/m/n on input line 47.
LaTeX Font Info:    ... okay on input line 47.
LaTeX Font Info:    Checking defaults for OT1/cmr/m/n on input line 47.
LaTeX Font Info:    ... okay on input line 47.
LaTeX Font Info:    Checking defaults for OMS/cmsy/m/n on input line 47.
LaTeX Font Info:    ... okay on input line 47.
LaTeX Font Info:    Checking defaults for OMX/cmex/m/n on input line 47.
LaTeX Font Info:    ... okay on input line 47.
LaTeX Font Info:    Checking defaults for U/cmr/m/n on input line 47.
LaTeX Font Info:    ... okay on input line 47.

LaTeX Warning: File `../logohighschool.eps' not found on input line 54.


! LaTeX Error: File `../logohighschool.eps' not found.

See the LaTeX manual or LaTeX Companion for explanation.
Type  H <return>  for immediate help.
 ...                                              
                                                  
l.54 \maketitle
               
Try typing  <return>  to proceed.
If that doesn't work, type  X <return>  to quit.


! LaTeX Error: Cannot determine size of graphic in ../logohighschool.eps (no Bo
undingBox).

See the LaTeX manual or LaTeX Companion for explanation.
Type  H <return>  for immediate help.
 ...                                              
                                                  
l.54 \maketitle
               
Try typing  <return>  to proceed.
If that doesn't work, type  X <return>  to quit.

File: ../logohighschool.eps Graphic file (type eps)
<../logohighschool.eps>
Underfull \vbox (badness 10000) has occurred while \output is active []

 [1



]
Overfull \vbox (35.68925pt too high) has occurred while \output is active []


[2] [3]
LaTeX Font Info:    Try loading font information for OMS+cmss on input line 72.

LaTeX Font Info:    No file OMScmss.fd. on input line 72.


LaTeX Font Warning: Font shape `OMS/cmss/m/n' undefined
(Font)              using `OMS/cmsy/m/n' instead
(Font)              for symbol `textbullet' on input line 72.

[4]
\openout2 = `AuthorListV0-5.aux'.

 (./AuthorListV0-5.tex) [5


] [6



]
No file PhysicalScience_Gr10.toc.
\tf@toc=\write7
\openout7 = `PhysicalScience_Gr10.toc'.

[7] [8

]
Chapter 1.

LaTeX Font Warning: Font shape `OT1/cmss/m/it' in size <10> not available
(Font)              Font shape `OT1/cmss/m/sl' tried instead on input line 114.



LaTeX Warning: Reference `tab:units:SIunits' on page 1 undefined on input line 
139.

LaTeX Font Info:    Try loading font information for U+wasy on input line 154.
(/usr/share/texmf-texlive/tex/latex/wasysym/uwasy.fd
File: uwasy.fd 2003/10/30 v2.0 Wasy-2 symbol font definitions
)
LaTeX Font Info:    Try loading font information for U+msa on input line 154.

(/usr/share/texmf-texlive/tex/latex/amsfonts/umsa.fd
File: umsa.fd 2009/06/22 v3.00 AMS symbols A
)
LaTeX Font Info:    Try loading font information for U+msb on input line 154.

(/usr/share/texmf-texlive/tex/latex/amsfonts/umsb.fd
File: umsb.fd 2009/06/22 v3.00 AMS symbols B
) [1

]
Overfull \hbox (74.22226pt too wide) in paragraph at lines 224--224
[]$[]$ $[]$ 
 []

[2]
Underfull \vbox (badness 10000) has occurred while \output is active []

 [3]

LaTeX Warning: Reference `tab:dim:combos' on page 4 undefined on input line 230
.


LaTeX Font Warning: Font shape `OT1/cmss/bx/it' undefined
(Font)              using `OT1/cmss/bx/n' instead on input line 274.

[4]
Underfull \vbox (badness 10000) has occurred while \output is active []

 [5]
[6]
Underfull \vbox (badness 10000) has occurred while \output is active []

 [7]

LaTeX Warning: Reference `tab:dim:prefixes' on page 8 undefined on input line 3
59.

[8]

LaTeX Warning: Reference `tab:dim:prefixes' on page 9 undefined on input line 4
13.


LaTeX Warning: Reference `tab:dim:prefixes' on page 9 undefined on input line 4
13.

[9] [10]
LaTeX Font Info:    Try loading font information for T1+ptm on input line 469.
 (/usr/share/texmf-texlive/tex/latex/psnfss/t1ptm.fd
File: t1ptm.fd 2001/06/04 font definitions for T1/ptm.
)

LaTeX Warning: Reference `ch2:conversion2' on page 11 undefined on input line 4
77.


LaTeX Warning: Reference `ch2:conversion1' on page 11 undefined on input line 5
21.


LaTeX Warning: Reference `ch2:conversion1' on page 11 undefined on input line 5
30.

[11]
Overfull \hbox (4.01399pt too wide) in paragraph at lines 540--541
[]\OT1/cmss/m/n/10 When con-vert-ing m$\OMS/cmss/m/n/10 ^^A$\OT1/cmss/m/n/10 s$
[]$to km$\OMS/cmss/m/n/10 ^^A$\OT1/cmss/m/n/10 h$[]$, you mul-ti-ply by 3,6. Fo
r ex-am-ple 30 m$\OMS/cmss/m/n/10 ^^A$\OT1/cmss/m/n/10 s$[]$$\OMS/cmss/m/n/10 ^
^B$\OT1/cmss/m/n/10 3,6 = 108 km$\OMS/cmss/m/n/10 ^^A$\OT1/cmss/m/n/10 h$[]$. 
 []


LaTeX Warning: Reference `tab:units:SIunits' on page 12 undefined on input line
 575.

[12]

LaTeX Warning: Reference `tab:dim:prefixes' on page 13 undefined on input line 
578.


LaTeX Warning: Reference `ch2:conversion1' on page 13 undefined on input line 5
79.


LaTeX Warning: Reference `ch2:conversion2' on page 13 undefined on input line 5
79.


Underfull \vbox (badness 10000) has occurred while \output is active []

 [13]
[14] [15

] [16]
\openout2 = `Chemistry_Gr10.aux'.

 (./Chemistry_Gr10.tex
Chapter 2.
[17


] [18] [19] [20]

LaTeX Warning: Reference `fig:classification:mixture and compound' on page 21 u
ndefined on input line 231.


LaTeX Warning: `h' float specifier changed to `ht'.

[21] [22] [23] [24] [25] [26] [27] [28] [29] [30] [31] [32]
Chapter 3.
[33

]

LaTeX Warning: Reference `chap:classification' on page 34 undefined on input li
ne 915.


Overfull \hbox (11.08188pt too wide) in paragraph at lines 925--925
 [][][][][][] 
 []


Overfull \hbox (11.08188pt too wide) in paragraph at lines 935--935
 [][][][][][] 
 []


LaTeX Warning: Reference `fig:representing isobutane' on page 34 undefined on i
nput line 941.


LaTeX Warning: `h' float specifier changed to `ht'.


LaTeX Warning: Reference `fig:water ball and stick' on page 34 undefined on inp
ut line 970.

[34]

LaTeX Warning: Reference `fig:microscopic:water molecule' on page 35 undefined 
on input line 996.


LaTeX Warning: Reference `fig:microscopic:ammonia' on page 35 undefined on inpu
t line 996.


LaTeX Warning: Reference `fig:microscopic:water molecule' on page 35 undefined 
on input line 1001.


LaTeX Warning: Reference `fig:microscopic:ammonia' on page 35 undefined on inpu
t line 1001.


LaTeX Warning: `h' float specifier changed to `ht'.


LaTeX Warning: Reference `fig:microscopic:diamond' on page 35 undefined on inpu
t line 1074.


LaTeX Warning: `h' float specifier changed to `ht'.

[35]
Underfull \vbox (badness 2261) has occurred while \output is active []

 [36]

LaTeX Warning: Reference `fig:microscopic:forces in water' on page 37 undefined
 on input line 1195.

[37] [38]

LaTeX Warning: Reference `tab:microscopic:kinetic theory' on page 39 undefined 
on input line 1290.


LaTeX Warning: Reference `fig:PhaseChanges' on page 39 undefined on input line 
1349.

[39]
Overfull \hbox (11.08188pt too wide) in paragraph at lines 1394--1394
 [][][][][][] 
 []


Overfull \hbox (11.08188pt too wide) in paragraph at lines 1400--1400
 [][][][][][] 
 []

[40]

LaTeX Warning: Reference `tab:melt and boil' on page 41 undefined on input line
 1404.

[41] [42] [43] [44] [45] [46

]
Chapter 4.

LaTeX Warning: Reference `fig:atom:plumpudding' on page 47 undefined on input l
ine 1652.


LaTeX Warning: `!h' float specifier changed to `!ht'.

[47]

LaTeX Warning: Reference `fig:atom:goldfoil' on page 48 undefined on input line
 1695.

[48]

LaTeX Warning: Reference `fig:atom:rutherfordmodel' on page 49 undefined on inp
ut line 1761.


LaTeX Warning: Reference `sec:atom:energy' on page 49 undefined on input line 1
800.

[49]

LaTeX Warning: Reference `tab:atomic mass' on page 50 undefined on input line 1
825.


Overfull \hbox (9.72133pt too wide) in paragraph at lines 1850--1850
 [] 
 []


LaTeX Warning: Reference `sec:atom:models' on page 50 undefined on input line 1
865.

[50] [51]

LaTeX Warning: Reference `sec:atom:isotopes' on page 52 undefined on input line
 2001.


Underfull \vbox (badness 10000) has occurred while \output is active []

 [52]
[53]

LaTeX Warning: Reference `sec:atom:isotopes' on page 54 undefined on input line
 2085.

[54] [55] [56] [57]
Overfull \hbox (1.92485pt too wide) in paragraph at lines 2296--2296
[]|\OT1/cmss/bx/it/10 Neutrons| 
 []


Overfull \hbox (2.23041pt too wide) in paragraph at lines 2296--2296
[]|\OT1/cmss/bx/it/10 Electrons| 
 []

[58] [59]

LaTeX Warning: Reference `fig:atom:lithium' on page 60 undefined on input line 
2361.


LaTeX Warning: Reference `fig:atom:fluorine' on page 60 undefined on input line
 2393.


LaTeX Warning: Reference `fig:atom:argon' on page 60 undefined on input line 24
13.


LaTeX Warning: `!h' float specifier changed to `!ht'.


LaTeX Warning: Reference `fig:Aufbau:blank' on page 60 undefined on input line 
2440.

[60]

LaTeX Warning: Reference `fig:Aufbau:Lithium' on page 61 undefined on input lin
e 2515.


Overfull \hbox (56.90532pt too wide) in paragraph at lines 2532--2533
[][] 
 []


LaTeX Warning: `!h' float specifier changed to `!ht'.

[61] [62]

LaTeX Warning: Reference `fig:Aufbau:fluorine' on page 63 undefined on input li
ne 2539.


LaTeX Warning: Reference `fig:Aufbau:argon' on page 63 undefined on input line 
2539.


Overfull \hbox (56.90532pt too wide) in paragraph at lines 2579--2580
[][] 
 []


Overfull \hbox (56.90532pt too wide) in paragraph at lines 2625--2626
[][] 
 []


LaTeX Warning: `!h' float specifier changed to `!ht'.


Underfull \vbox (badness 10000) has occurred while \output is active []

 [63]
[64] [65]

LaTeX Warning: Reference `fig:atom:lithium' on page 66 undefined on input line 
2722.


LaTeX Warning: Reference `fig:atom:fluorine' on page 66 undefined on input line
 2763.


LaTeX Warning: `!h' float specifier changed to `!ht'.

[66] [67]
Overfull \hbox (17.07162pt too wide) in paragraph at lines 2945--2946
 [] 
 []


LaTeX Warning: `h' float specifier changed to `ht'.

[68]

LaTeX Warning: Reference `fig:Group1Elements' on page 69 undefined on input lin
e 2968.


Overfull \hbox (5.08188pt too wide) in paragraph at lines 3017--3017
 [] 
 []

[69] [70] [71] [72] [73] [74]
Chapter 5.

LaTeX Warning: Reference `fig:physical change:water phases' on page 75 undefine
d on input line 3266.


LaTeX Warning: `h' float specifier changed to `ht'.

[75

]

LaTeX Warning: Reference `fig:physchem:cucl2' on page 76 undefined on input lin
e 3335.

[76]

LaTeX Warning: Reference `sec:physchem:energy' on page 77 undefined on input li
ne 3376.


LaTeX Warning: Reference `fig:chemical change:decomposition' on page 77 undefin
ed on input line 3395.


Overfull \hbox (113.8108pt too wide) in paragraph at lines 3445--3446
 [] 
 []


Overfull \hbox (62.10822pt too wide) in paragraph at lines 3581--3581
[][] 
 []

[77]

LaTeX Warning: Reference `fig:chemical change:synthesis' on page 78 undefined o
n input line 3597.

[78] [79] [80] [81]
Overfull \hbox (113.8108pt too wide) in paragraph at lines 3844--3845
 [] 
 []

[82] [83] [84] [85] [86

]
Chapter 6.
[87] [88] [89] [90] [91] [92] [93]

LaTeX Warning: Reference `chap:physchem' on page 94 undefined on input line 449
5.

[94] [95] [96] [97] [98

]
Chapter 7.
[99]

LaTeX Warning: Reference `fig:water cycle' on page 100 undefined on input line 
4659.


Overfull \hbox (28.45258pt too wide) in paragraph at lines 4796--4797
 [] 
 []


LaTeX Warning: `h' float specifier changed to `ht'.

[100] [101] [102]

LaTeX Warning: Reference `fig:globalcycles:forces in water' on page 103 undefin
ed on input line 4962.

[103]
Overfull \hbox (11.08188pt too wide) in paragraph at lines 5040--5040
 [][][][][][] 
 []

[104]

LaTeX Warning: Reference `fig:phases' on page 105 undefined on input line 5061.



Overfull \hbox (11.08188pt too wide) in paragraph at lines 5102--5102
 [][][][][][] 
 []

[105] [106] [107] [108]

LaTeX Warning: Reference `tab:water requirements' on page 109 undefined on inpu
t line 5208.


Overfull \hbox (10.82098pt too wide) in paragraph at lines 5215--5215
[]|\OT1/cmss/m/n/10 Afforestation| 
 []


Overfull \hbox (28.46797pt too wide) in paragraph at lines 5214--5223
 [] 
 []


LaTeX Warning: Reference `tab:water requirements' on page 109 undefined on inpu
t line 5258.


LaTeX Warning: Reference `tab:water yield' on page 109 undefined on input line 
5260.


Overfull \hbox (2.13066pt too wide) in paragraph at lines 5267--5267
[]|\OT1/cmss/m/n/10 Ground| 
 []


Overfull \hbox (9.51959pt too wide) in paragraph at lines 5267--5267
[]|\OT1/cmss/m/n/10 Irrigation| 
 []


LaTeX Warning: `h' float specifier changed to `ht'.

[109]

LaTeX Warning: Reference `tab:water yield' on page 110 undefined on input line 
5301.

[110]
Overfull \hbox (24.1035pt too wide) in paragraph at lines 5456--5456
[][] 
 []

[111] [112]
Chapter 8.

LaTeX Warning: Reference `fig:global cycles:nitrogen cycle' on page 113 undefin
ed on input line 5479.


LaTeX Warning: File `../NitrogenCycle.eps' not found on input line 5495.


! LaTeX Error: File `../NitrogenCycle.eps' not found.

See the LaTeX manual or LaTeX Companion for explanation.
Type  H <return>  for immediate help.
 ...                                              
                                                  
l.5495 ...aphics[width=13cm]{../NitrogenCycle.eps}
                                                  
Try typing  <return>  to proceed.
If that doesn't work, type  X <return>  to quit.


! LaTeX Error: Cannot determine size of graphic in ../NitrogenCycle.eps (no Bou
ndingBox).

See the LaTeX manual or LaTeX Companion for explanation.
Type  H <return>  for immediate help.
 ...                                              
                                                  
l.5495 ...aphics[width=13cm]{../NitrogenCycle.eps}
                                                  
Try typing  <return>  to proceed.
If that doesn't work, type  X <return>  to quit.

File: ../NitrogenCycle.eps Graphic file (type eps)
<../NitrogenCycle.eps> [113

] [114] [115] [116]
Overfull \hbox (2.08328pt too wide) in paragraph at lines 5647--5647
[]|\OT1/cmss/bx/it/10 1965| 
 []


Overfull \hbox (2.08328pt too wide) in paragraph at lines 5647--5647
[]|\OT1/cmss/bx/it/10 1970| 
 []


Overfull \hbox (2.08328pt too wide) in paragraph at lines 5647--5647
[]|\OT1/cmss/bx/it/10 1975| 
 []


Overfull \hbox (2.08328pt too wide) in paragraph at lines 5647--5647
[]|\OT1/cmss/bx/it/10 1980| 
 []


Overfull \hbox (2.08328pt too wide) in paragraph at lines 5647--5647
[]|\OT1/cmss/bx/it/10 1985| 
 []


Overfull \hbox (2.08328pt too wide) in paragraph at lines 5647--5647
[]|\OT1/cmss/bx/it/10 1990| 
 []


Overfull \hbox (2.08328pt too wide) in paragraph at lines 5647--5647
[]|\OT1/cmss/bx/it/10 1995| 
 []


Overfull \hbox (2.08328pt too wide) in paragraph at lines 5647--5647
[]|\OT1/cmss/bx/it/10 2000| 
 []


Overfull \hbox (2.08328pt too wide) in paragraph at lines 5647--5647
[]|\OT1/cmss/bx/it/10 2002| 
 []


Overfull \hbox (1.47975pt too wide) in paragraph at lines 5647--5647
 [] 
 []

[117] [118]
Overfull \hbox (3.50928pt too wide) in paragraph at lines 5735--5736
[]\OT1/cmss/m/n/10 The \OT1/cmss/bx/it/10 ni-tro-gen cy-cle \OT1/cmss/m/n/10 de
-scribes how ni-tro-gen and nitrogen-containing com-pounds are changed
 []

[119] [120]
Chapter 9.
[121

] [122]

LaTeX Warning: Reference `fig:hydrosphere:water' on page 123 undefined on input
 line 5978.

[123]

LaTeX Warning: Reference `fig:hydrosphere:ions dissolving' on page 124 undefine
d on input line 5994.

[124] [125] [126] [127] [128] [129] [130] [131] [132] [133]

LaTeX Warning: Reference `tab:solubility rules' on page 134 undefined on input 
line 6591.


LaTeX Warning: `h' float specifier changed to `ht'.

[134] [135] [136] [137] [138]
Overfull \hbox (32.0508pt too wide) in paragraph at lines 6863--6863
 [] 
 []

[139]) [140] [141


] [142]
\openout2 = `Physics_Gr10.aux'.

 (./Physics_Gr10.tex
Chapter 10.

LaTeX Warning: Reference `tab:units:SIunits' on page 143 undefined on input lin
e 33.

[143


]
Overfull \hbox (74.22226pt too wide) in paragraph at lines 117--117
[]$[]$ $[]$ 
 []

[144]

LaTeX Warning: Reference `tab:dim:combos' on page 145 undefined on input line 1
23.

[145] [146] [147]

LaTeX Warning: Reference `tab:dim:prefixes' on page 148 undefined on input line
 283.


LaTeX Warning: Reference `tab:dim:prefixes' on page 148 undefined on input line
 337.

[148]

LaTeX Warning: Reference `tab:dim:prefixes' on page 149 undefined on input line
 337.

[149]

LaTeX Warning: Reference `ch2:conversion2' on page 150 undefined on input line 
401.


LaTeX Warning: Reference `ch2:conversion1' on page 150 undefined on input line 
445.

[150]

LaTeX Warning: Reference `ch2:conversion1' on page 151 undefined on input line 
454.


Overfull \hbox (4.01399pt too wide) in paragraph at lines 464--465
[]\OT1/cmss/m/n/10 When con-vert-ing m$\OMS/cmss/m/n/10 ^^A$\OT1/cmss/m/n/10 s$
[]$to km$\OMS/cmss/m/n/10 ^^A$\OT1/cmss/m/n/10 h$[]$, you mul-ti-ply by 3,6. Fo
r ex-am-ple 30 m$\OMS/cmss/m/n/10 ^^A$\OT1/cmss/m/n/10 s$[]$$\OMS/cmss/m/n/10 ^
^B$\OT1/cmss/m/n/10 3,6 = 108 km$\OMS/cmss/m/n/10 ^^A$\OT1/cmss/m/n/10 h$[]$. 
 []

[151]

LaTeX Warning: Reference `tab:units:SIunits' on page 152 undefined on input lin
e 499.


LaTeX Warning: Reference `tab:dim:prefixes' on page 152 undefined on input line
 502.


LaTeX Warning: Reference `ch2:conversion1' on page 152 undefined on input line 
503.


LaTeX Warning: Reference `ch2:conversion2' on page 152 undefined on input line 
503.

[152] [153] [154

]
Chapter 11.
[155]

LaTeX Warning: Reference `position:reference3' on page 156 undefined on input l
ine 723.


Overfull \hbox (6.80888pt too wide) in paragraph at lines 777--778
 [] 
 []

[156]
Overfull \hbox (17.93985pt too wide) in paragraph at lines 903--903
 [] 
 []


Overfull \hbox (17.93985pt too wide) in paragraph at lines 903--903
 [] 
 []

[157]

LaTeX Warning: Reference `vectors:displ' on page 158 undefined on input line 93
9.


LaTeX Warning: Reference `position:reference3' on page 158 undefined on input l
ine 941.

[158]
Overfull \hbox (2.2222pt too wide) in paragraph at lines 945--960
[]$[]$ $[]$ 
 []


Overfull \hbox (2.2222pt too wide) in paragraph at lines 964--982
[]$[]$ $[]$ 
 []

[159]

LaTeX Warning: Reference `position:reference3' on page 160 undefined on input l
ine 1020.

[160] [161]
Overfull \hbox (2.2222pt too wide) in paragraph at lines 1155--1167
[]$[]$ $[]$ 
 []


Overfull \hbox (2.2222pt too wide) in paragraph at lines 1169--1201
[]$[]$ $[]$ 
 []


Overfull \hbox (2.2222pt too wide) in paragraph at lines 1203--1234
[]$[]$ $[]$ 
 []


Overfull \hbox (2.2222pt too wide) in paragraph at lines 1241--1284
[]$[]$ $[]$
 []

[162]
Overfull \vbox (0.74835pt too high) has occurred while \output is active []


[163] [164] [165] [166]
Overfull \hbox (2.2222pt too wide) in paragraph at lines 1725--1725
[]$ $[]$ 
 []


Overfull \hbox (2.2222pt too wide) in paragraph at lines 1725--1725
[]$[]$ $[]$ 
 []

[167] [168]

LaTeX Warning: Reference `fig:pr:stationary' on page 169 undefined on input lin
e 1828.


Overfull \hbox (35.71054pt too wide) in paragraph at lines 1898--1899
 [] 
 []


LaTeX Warning: `!h' float specifier changed to `!ht'.

[169] [170]

LaTeX Warning: Reference `fig:pr:diagram:uniform' on page 171 undefined on inpu
t line 1946.


LaTeX Warning: Reference `fig:pr:uniform' on page 171 undefined on input line 2
124.


Overfull \hbox (41.401pt too wide) in paragraph at lines 2205--2206
 [] 
 []


Overfull \hbox (41.401pt too wide) in paragraph at lines 2290--2291
 [] 
 []


Underfull \vbox (badness 10000) has occurred while \output is active []

 [171]

LaTeX Warning: Reference `fig:pr:uniform' on page 172 undefined on input line 2
339.

[172]
Overfull \hbox (4.27368pt too wide) in paragraph at lines 2380--2380
[]|\OT1/cmss/m/n/10 Ave.| 
 []

[173]
Overfull \hbox (0.46321pt too wide) in paragraph at lines 2494--2519
[]$ $[]$ $[]$ 
 []


LaTeX Warning: Reference `fig:pr:acceleration:uniform' on page 174 undefined on
 input line 2531.


Overfull \hbox (41.401pt too wide) in paragraph at lines 2647--2648
 [] 
 []

[174]

LaTeX Warning: Reference `fig:pr:acceleration:uniform' on page 175 undefined on
 input line 2661.

[175]

LaTeX Warning: Reference `fig:relation' on page 176 undefined on input line 270
6.


Overfull \hbox (35.19661pt too wide) in paragraph at lines 2710--2780
 [] 
 []


Underfull \vbox (badness 1308) has occurred while \output is active []

 [176]
Underfull \vbox (badness 10000) has occurred while \output is active []

 [177]
[178] [179]
Overfull \hbox (83.99983pt too wide) in paragraph at lines 2960--2960
 [] 
 []


Overfull \hbox (14.87468pt too wide) in alignment at lines 2960--2960
 [][][] []
 []


Overfull \hbox (18.20801pt too wide) in alignment at lines 2960--2960
 [][][] []
 []


Overfull \hbox (18.20801pt too wide) in alignment at lines 2960--2960
 [][][] []
 []


Overfull \vbox (6.67467pt too high) detected at line 2961
 []

[180] [181]
Overfull \hbox (29.15573pt too wide) in alignment at lines 3069--3069
 [][][] []
 []


Overfull \hbox (25.8224pt too wide) in alignment at lines 3069--3069
 [][][] []
 []


Overfull \hbox (36.93353pt too wide) in alignment at lines 3069--3069
 [][][] []
 []


Overfull \hbox (7.58589pt too wide) in paragraph at lines 3069--3069
 [] 
 []


Overfull \hbox (2.2222pt too wide) in paragraph at lines 3069--3069
[]$[]$ $[]$ 
 []

[182]

LaTeX Warning: Reference `eq:eq1' on page 183 undefined on input line 3117.

[183]

LaTeX Warning: Reference `eq:eq2' on page 184 undefined on input line 3129.


LaTeX Warning: Reference `eq:eq3' on page 184 undefined on input line 3169.


LaTeX Warning: Reference `eq:eq2' on page 184 undefined on input line 3170.


LaTeX Warning: Reference `eq:eq1' on page 184 undefined on input line 3170.


Underfull \vbox (badness 1400) has occurred while \output is active []

 [184]

LaTeX Warning: Reference `eq:eq2' on page 185 undefined on input line 3174.


LaTeX Warning: Reference `eq:eq4' on page 185 undefined on input line 3182.


LaTeX Warning: Reference `eq:eq1' on page 185 undefined on input line 3183.


LaTeX Warning: Reference `eq:eq3' on page 185 undefined on input line 3187.


LaTeX Warning: Reference `eq:eq3' on page 185 undefined on input line 3221.

[185]
Underfull \vbox (badness 10000) has occurred while \output is active []

 [186]

LaTeX Warning: Reference `eq:eq3' on page 187 undefined on input line 3286.


LaTeX Warning: Reference `eq:eq1' on page 187 undefined on input line 3286.


LaTeX Warning: Reference `eq:eq3' on page 187 undefined on input line 3286.


LaTeX Warning: Reference `eq:eq3' on page 187 undefined on input line 3286.

[187]

LaTeX Warning: Reference `eq:eq1' on page 188 undefined on input line 3381.


LaTeX Warning: Reference `eq:eq2' on page 188 undefined on input line 3381.


LaTeX Warning: Reference `eq:eq3' on page 188 undefined on input line 3381.


LaTeX Warning: Reference `eq:eq2' on page 188 undefined on input line 3381.

[188]
Underfull \vbox (badness 10000) has occurred while \output is active []

 [189

]
Overfull \vbox (88.01569pt too high) has occurred while \output is active []


[190]

LaTeX Warning: Reference `fig:relation' on page 191 undefined on input line 341
2.

[191] [192] [193]
Overfull \hbox (24.99986pt too wide) in paragraph at lines 3704--3705
 [] 
 []

[194] [195] [196

]
Chapter 12.

Overfull \hbox (2.2222pt too wide) in paragraph at lines 3766--3836
[]$[]$ $[]$ 
 []


LaTeX Warning: Reference `tab:pg:gravityplanets' on page 197 undefined on input
 line 3840.

[197] [198]

LaTeX Warning: Reference `tab:pg:gravityplanets' on page 199 undefined on input
 line 3914.

[199] [200]
Overfull \hbox (65.4572pt too wide) in paragraph at lines 4074--4074
[]$[]$ $[]$ $[]$ 
 []


LaTeX Warning: Reference `p:m1d10' on page 201 undefined on input line 4076.


LaTeX Warning: Reference `p:m1d10' on page 201 undefined on input line 4076.

[201]

LaTeX Warning: Reference `eq:pg:eq3' on page 202 undefined on input line 4170.


LaTeX Warning: Reference `eq:pg:eq1' on page 202 undefined on input line 4170.

[202] [203]

LaTeX Warning: Reference `eq:pg:pe' on page 204 undefined on input line 4201.

[204] [205] [206] [207] [208]

LaTeX Warning: `h' float specifier changed to `ht'.

[209] [210] [211] [212] [213] [214] [215] [216

]
Chapter 13.
[217]

LaTeX Warning: Reference `p:wsl:tp10:tpamp' on page 218 undefined on input line
 4827.


LaTeX Warning: Reference `p:wsl:tp10:tpamp' on page 218 undefined on input line
 4834.

[218]

LaTeX Warning: Reference `p:m1d10' on page 219 undefined on input line 4900.

[219]

LaTeX Warning: Reference `p:wsl:tp10:motionparticle' on page 220 undefined on i
nput line 4972.


LaTeX Warning: Reference `p:wsl:tp10:mpm' on page 220 undefined on input line 4
976.


LaTeX Warning: Reference `p:wsl:tp10:motionparticle' on page 220 undefined on i
nput line 4990.

[220]

LaTeX Warning: Reference `p:wsl:tp10:motionparticle' on page 221 undefined on i
nput line 5029.


LaTeX Warning: Reference `p:wsl:tp10:act-ptg' on page 221 undefined on input li
ne 5031.


LaTeX Warning: Reference `p:wsl:tp10:act-ptg' on page 221 undefined on input li
ne 5072.


LaTeX Warning: Reference `p:wsl:tp10:act-vtg' on page 221 undefined on input li
ne 5074.

[221]

LaTeX Warning: Reference `p:wsl:tp10:motionpulse' on page 222 undefined on inpu
t line 5212.


LaTeX Warning: Reference `p:wsl:tp10:motionpulse' on page 222 undefined on inpu
t line 5212.


Underfull \vbox (badness 10000) detected at line 5213
 []

[222]
Underfull \vbox (badness 10000) detected at line 5213
 []

[223]
Underfull \vbox (badness 10000) has occurred while \output is active []

 [224]
Overfull \hbox (58.97888pt too wide) in paragraph at lines 5259--5259
 [] 
 []

[225]

LaTeX Warning: Reference `p:wsl:tp10:twomedia_gen' on page 226 undefined on inp
ut line 5273.


LaTeX Warning: Reference `p:wsl:tp10:twomedia' on page 226 undefined on input l
ine 5312.


Underfull \vbox (badness 6348) has occurred while \output is active []

 [226]

LaTeX Warning: Reference `p:wsl:tp10:twomedia_rev' on page 227 undefined on inp
ut line 5353.


Overfull \hbox (9.9621pt too wide) in paragraph at lines 5415--5415
[]\OT1/cmss/m/n/10 The pulse length of the trans-mit-ted pulse will be \OT1/cms
s/bx/it/10 greater than/less than/the
 []


Overfull \hbox (0.87881pt too wide) in paragraph at lines 5415--5415
[]\OT1/cmss/m/n/10 The fre-quency of the trans-mit-ted pulse will be \OT1/cmss/
bx/it/10 greater than/less than/the
 []


Overfull \hbox (9.9621pt too wide) in paragraph at lines 5415--5415
[]\OT1/cmss/m/n/10 The pulse length of the trans-mit-ted pulse will be \OT1/cms
s/bx/it/10 greater than/less than/the
 []

[227]

LaTeX Warning: Reference `p:wsl:tp10:reflection:fixed' on page 228 undefined on
 input line 5461.


LaTeX Warning: Reference `p:wsl:tp10:reflection:free' on page 228 undefined on 
input line 5467.

[228]

LaTeX Warning: Reference `p:wsl:tp10:superposition:constructive' on page 229 un
defined on input line 5520.


LaTeX Warning: Reference `p:wsl:tp10:superposition:destructive' on page 229 und
efined on input line 5552.

[229]
Underfull \vbox (badness 10000) detected at line 5671
 []

[230] [231] [232] [233] [234

]
Chapter 14.

LaTeX Warning: Reference `p:wsl:tp10' on page 235 undefined on input line 5883.


[235]

LaTeX Warning: Reference `fig:p:wsl:tw10:transverse:peaktrough' on page 236 und
efined on input line 5990.

[236] [237] [238

] [239] [240]

LaTeX Warning: Reference `p:m1d10' on page 241 undefined on input line 6284.

[241] [242] [243] [244]

LaTeX Warning: Reference `p:wsl:tp10' on page 245 undefined on input line 6484.



LaTeX Warning: Reference `p:m1d10' on page 245 undefined on input line 6509.

[245] [246]
Overfull \hbox (15.0944pt too wide) in paragraph at lines 6701--6701
 [] 
 []

[247]

LaTeX Warning: Reference `p:wsl:tw10:reflection:free' on page 248 undefined on 
input line 6739.

[248]

LaTeX Warning: Reference `fig:standing:1' on page 249 undefined on input line 6
766.

[249] [250] [251] [252] [253] [254] [255] [256] [257] [258]
Chapter 15.

LaTeX Warning: Reference `fig:p:wsl:go10:sight' on page 259 undefined on input 
line 7611.

[259

] [260]

LaTeX Warning: Reference `fig:p:wsl:go10:shadows' on page 261 undefined on inpu
t line 7712.


Overfull \hbox (686.50371pt too wide) in paragraph at lines 7755--7756
 [] 
 []

[261]

LaTeX Warning: Reference `p:wsl:tp10' on page 262 undefined on input line 7795.



LaTeX Warning: Reference `p:wsl:tw10' on page 262 undefined on input line 7795.



LaTeX Warning: Reference `fig:rays' on page 262 undefined on input line 7797.


LaTeX Warning: Reference `fig:plane' on page 262 undefined on input line 7799.

[262]

LaTeX Warning: Reference `fig:ir' on page 263 undefined on input line 7919.

[263]

LaTeX Warning: Reference `fig:reflectiontypes' on page 264 undefined on input l
ine 8073.


LaTeX Warning: Reference `fig:reflectiontypes' on page 264 undefined on input l
ine 8076.

[264] [265]

LaTeX Warning: Reference `fig:refraca' on page 266 undefined on input line 8216
.


LaTeX Warning: Reference `fig:refracb' on page 266 undefined on input line 8216
.

[266]

LaTeX Warning: Reference `refraction:ld' on page 267 undefined on input line 83
19.

[267]

LaTeX Warning: Reference `tab:indices' on page 268 undefined on input line 8383
.

[268]
Underfull \vbox (badness 4967) has occurred while \output is active []

 [269]

LaTeX Warning: Reference `tab:indices' on page 270 undefined on input line 8457
.


LaTeX Warning: Reference `tab:indices' on page 270 undefined on input line 8457
.


LaTeX Warning: Reference `tab:indices' on page 270 undefined on input line 8474
.

[270]

LaTeX Warning: Reference `fig:refract1' on page 271 undefined on input line 849
3.


LaTeX Warning: Reference `tab:indices' on page 271 undefined on input line 8577
.

[271] [272]

LaTeX Warning: Reference `tab:indices' on page 273 undefined on input line 8686
.


LaTeX Warning: Reference `tab:indices' on page 273 undefined on input line 8686
.


Underfull \vbox (badness 4543) detected at line 8687
 []

[273] [274] [275] [276] [277]

LaTeX Warning: Reference `mirror:plane:ray' on page 278 undefined on input line
 8939.

[278] [279]

LaTeX Warning: Reference `mirrors:spherical' on page 280 undefined on input lin
e 9049.


LaTeX Warning: Reference `mirrors:concave:example' on page 280 undefined on inp
ut line 9084.

[280]

LaTeX Warning: Reference `fig:mirrors:concave:ray' on page 281 undefined on inp
ut line 9177.

[281]

LaTeX Warning: Reference `mirrors:convex:example' on page 282 undefined on inpu
t line 9184.


LaTeX Warning: Reference `fig:mirrors:convex:ray' on page 282 undefined on inpu
t line 9212.


Overfull \hbox (28.45258pt too wide) in paragraph at lines 9260--9261
 [][] 
 []


Underfull \vbox (badness 10000) has occurred while \output is active []

 [282]

LaTeX Warning: Reference `fig:mirrors:convex:ray' on page 283 undefined on inpu
t line 9264.


LaTeX Warning: Reference `tab:p:wsl:go10:mirrors:properties' on page 283 undefi
ned on input line 9270.


LaTeX Warning: Reference `fig:mirrors:concave:ray' on page 283 undefined on inp
ut line 9287.


LaTeX Warning: Reference `fig:mirrors:convex:ray' on page 283 undefined on inpu
t line 9287.

[283]
Underfull \vbox (badness 1735) has occurred while \output is active []

 [284]
[285]
Underfull \vbox (badness 1472) has occurred while \output is active []

 [286]
[287] [288] [289]

LaTeX Warning: Reference `fig:tir:fibreoptics' on page 290 undefined on input l
ine 9716.

[290] [291] [292]
Overfull \hbox (49.30876pt too wide) in paragraph at lines 9854--9856
[][]  []   []   []
 []

[293] [294]
Chapter 16.

LaTeX Font Warning: Font shape `OT1/cmss/m/sc' in size <10> not available
(Font)              Font shape `OT1/cmr/m/sc' tried instead on input line 9891.


[295

] [296] [297]
Underfull \vbox (badness 1052) has occurred while \output is active []

 [298]
[299] [300] [301]
Overfull \hbox (23.71655pt too wide) in paragraph at lines 10750--10751
 [] 
 []

[302] [303] [304

]
Chapter 17.
[305]
Overfull \hbox (25.63403pt too wide) in paragraph at lines 11027--11029
 [] 
 []


Overfull \hbox (31.2533pt too wide) in paragraph at lines 11146--11148
 [] 
 []

[306] [307] [308] [309]
Underfull \vbox (badness 10000) has occurred while \output is active []

 [310

]
Underfull \vbox (badness 10000) has occurred while \output is active []

 [311]
[312] [313] [314

]
Chapter 18.
[315]

LaTeX Warning: `!h' float specifier changed to `!ht'.

[316]
Underfull \vbox (badness 2269) has occurred while \output is active []

 [317]
[318] [319] [320]

LaTeX Font Warning: Font shape `OT1/cmss/m/it' in size <7> not available
(Font)              Font shape `OT1/cmss/m/sl' tried instead on input line 1224
0.


LaTeX Font Warning: Font shape `OT1/cmss/m/it' in size <6> not available
(Font)              Font shape `OT1/cmss/m/sl' tried instead on input line 1224
0.

[321] [322]
Overfull \hbox (53.64738pt too wide) in paragraph at lines 12768--12768
[]\OT1/cmss/bx/it/10 Question:  $[]$ $[]$ 
 []


Overfull \vbox (48.18918pt too high) detected at line 12769
 []

[323]
Overfull \hbox (53.64738pt too wide) in paragraph at lines 12825--12825
[]\OT1/cmss/bx/it/10 Question:  $[]$ $[]$ 
 []

[324]
Overfull \hbox (53.64738pt too wide) in paragraph at lines 12886--12886
[]\OT1/cmss/bx/it/10 Question:  $[]$ $[]$ 
 []

[325]
Overfull \hbox (53.64738pt too wide) in paragraph at lines 12958--12958
[]\OT1/cmss/bx/it/10 Question:  $[]$ $[]$ 
 []

[326] [327]
Overfull \hbox (15.0944pt too wide) in paragraph at lines 13148--13148
 [] 
 []


Overfull \hbox (16.11679pt too wide) in paragraph at lines 13211--13212
 [] 
 []

[328]
Overfull \hbox (15.0944pt too wide) in paragraph at lines 13369--13369
 [] 
 []

[329]
Overfull \hbox (12.54526pt too wide) in paragraph at lines 13434--13435
 [] 
 []

[330]
Overfull \hbox (36.07523pt too wide) in paragraph at lines 13544--13545
 [] 
 []

[331]
Overfull \hbox (44.23299pt too wide) in paragraph at lines 13605--13606
 [] 
 []


LaTeX Warning: Reference `fig:p:em:ec10:voltmeter' on page 332 undefined on inp
ut line 13665.

[332]

LaTeX Warning: Reference `fig:p:em:ec10:ammeter' on page 333 undefined on input
 line 13678.


LaTeX Warning: Reference `fig:p:em:ec10:ohmmeter' on page 333 undefined on inpu
t line 13707.

[333] [334]) [335] [336


]
Appendix A.
[337]

LaTeX Warning: Reference `copying' on page 338 undefined on input line 805.


Overfull \hbox (12.273pt too wide) in paragraph at lines 796--806
\OT1/cmss/m/n/10 You may copy and dis-tribute the Doc-u-ment in any medium, ei-
ther com-mer-cially or non-commercially,
 []

[338]

LaTeX Warning: Reference `verbatim' on page 339 undefined on input line 854.


LaTeX Warning: Reference `copying' on page 339 undefined on input line 854.

[339]

LaTeX Warning: Reference `modifications' on page 340 undefined on input line 94
3.

[340]

LaTeX Warning: Reference `copying' on page 341 undefined on input line 993.


LaTeX Warning: Reference `modifications' on page 341 undefined on input line 10
07.


LaTeX Warning: Reference `modifications' on page 341 undefined on input line 10
21.


LaTeX Warning: Reference `applicability' on page 341 undefined on input line 10
22.

[341]
Overfull \hbox (6.41206pt too wide) in paragraph at lines 1073--1075
[]\OT1/cmss/m/n/10 If you have In-vari-ant Sec-tions, Front-Cover Texts and Bac
k-Cover Texts, re-place the ``with...Texts.''
 []

[342] (./PhysicalScience_Gr10.aux (./AuthorListV0-5.aux) (./Chemistry_Gr10.aux)
(./Physics_Gr10.aux))

LaTeX Font Warning: Some font shapes were not available, defaults substituted.


LaTeX Warning: There were undefined references.


LaTeX Warning: Label(s) may have changed. Rerun to get cross-references right.

 ) 
Here is how much of TeX's memory you used:
 15487 strings out of 495062
 257420 string characters out of 1182645
 692114 words of memory out of 3000000
 18183 multiletter control sequences out of 15000+50000
 35201 words of font info for 97 fonts, out of 3000000 for 9000
 28 hyphenation exceptions out of 8191
 54i,21n,64p,4430b,860s stack positions out of 5000i,500n,10000p,200000b,50000s

Output written on PhysicalScience_Gr10.dvi (350 pages, 10919788 bytes).
